2026-04-29 18:07:50,774 - INFO - ======================================================================
2026-04-29 18:07:50,774 - INFO - CONSUMER360: AUTOMATION PIPELINE STARTED
2026-04-29 18:07:50,774 - INFO - ======================================================================
2026-04-29 18:07:50,774 - INFO - 
[STEP 1] Loading raw data from Excel...
2026-04-29 18:10:04,459 - INFO - Successfully loaded 1,048,575 rows from data/raw/online_retail_II.xlsx
2026-04-29 18:10:04,459 - INFO - 
[STEP 2] Cleaning and preparing data...
2026-04-29 18:10:05,680 - INFO - Data cleaned. Rows remaining: 793,309 (Removed 255,266 invalid rows)
2026-04-29 18:10:05,681 - INFO - 
[STEP 3] Connecting to SQL Server...
2026-04-29 18:10:07,556 - INFO - Connected to Consumer360 on DESKTOP-94L3J1Q\SQLEXPRESS
2026-04-29 18:10:07,557 - INFO - 
[STEP 4] Loading Dimensions to SQL Server...
2026-04-29 18:10:26,208 - INFO -   - Loading DIM_CUSTOMER...
2026-04-29 18:10:26,986 - INFO -   - Loading DIM_PRODUCT...
2026-04-29 18:10:27,165 - INFO -   - Loading DIM_DATE...
2026-04-29 18:10:27,219 - INFO - Dimensions loaded successfully.
2026-04-29 18:10:27,220 - INFO - 
[STEP 5] Loading FACT_SALES (Bulk Mode)...
2026-04-29 18:10:28,551 - INFO -   ... Loaded 10,000 rows
2026-04-29 18:10:32,577 - INFO -   ... Loaded 60,000 rows
2026-04-29 18:10:36,604 - INFO -   ... Loaded 110,000 rows
2026-04-29 18:10:40,811 - INFO -   ... Loaded 160,000 rows
2026-04-29 18:10:44,691 - INFO -   ... Loaded 210,000 rows
2026-04-29 18:10:48,487 - INFO -   ... Loaded 260,000 rows
2026-04-29 18:10:52,063 - INFO -   ... Loaded 310,000 rows
2026-04-29 18:10:55,544 - INFO -   ... Loaded 360,000 rows
2026-04-29 18:10:59,181 - INFO -   ... Loaded 410,000 rows
2026-04-29 18:11:02,798 - INFO -   ... Loaded 460,000 rows
2026-04-29 18:11:06,315 - INFO -   ... Loaded 510,000 rows
2026-04-29 18:11:10,387 - INFO -   ... Loaded 560,000 rows
2026-04-29 18:11:13,878 - INFO -   ... Loaded 610,000 rows
2026-04-29 18:11:17,231 - INFO -   ... Loaded 660,000 rows
2026-04-29 18:11:20,658 - INFO -   ... Loaded 710,000 rows
2026-04-29 18:11:23,965 - INFO -   ... Loaded 760,000 rows
2026-04-29 18:11:26,166 - INFO - Successfully loaded 793,309 transactions.
2026-04-29 18:11:26,166 - INFO - 
[STEP 6] Calculating RFM Analysis...
2026-04-29 18:11:27,224 - INFO - RFM complete: 5,860 customers segmented.
2026-04-29 18:11:27,224 - INFO - 
[STEP 7] Market Basket Analysis...
2026-04-29 18:13:18,825 - INFO - MBA complete. Found 2 rules. Saved to CSV.
2026-04-29 18:13:18,839 - INFO - 
[STEP 8] Power BI refresh...
2026-04-29 18:13:18,839 - INFO - Power BI will auto-refresh on next open
2026-04-29 18:13:18,890 - INFO - 
======================================================================
2026-04-29 18:13:18,891 - INFO - AUTOMATION PIPELINE COMPLETED SUCCESSFULLY
2026-04-29 18:13:18,891 - INFO - Log: logs/master_automation_20260429_180750.log
2026-04-29 18:13:18,891 - INFO - ======================================================================

